1770267122,12,HDHub4u.Surf,/home/pseudo/Videos/Movies/Ford.v.Ferrari.2019-720p.mkv,82
1770267167,,,/home/pseudo/Downloads/Telegram Desktop/Monster (Dual) Episode - 01 1080p.mkv,90
1770267169,,,/home/pseudo/Downloads/Telegram Desktop/Monster (Dual) Episode - 01 1080p.mkv,90
1770267170,,,/home/pseudo/Downloads/Telegram Desktop/Monster (Dual) Episode - 01 1080p.mkv,90
1770267172,,,/home/pseudo/Downloads/Telegram Desktop/Monster (Dual) Episode - 01 1080p.mkv,90
1770267172,,,/home/pseudo/Downloads/Telegram Desktop/Monster (Dual) Episode - 01 1080p.mkv,90
1770267174,,,/home/pseudo/Downloads/Telegram Desktop/Monster (Dual) Episode - 01 1080p.mkv,90
1770267178,,,/home/pseudo/Downloads/Telegram Desktop/Monster (Dual) Episode - 01 1080p.mkv,90
1770267232,,,/home/pseudo/Downloads/Telegram Desktop/Monster (Dual) Episode - 01 1080p.mkv,90
1770267243,12,HDHub4u.Surf,/home/pseudo/Videos/Movies/Ford.v.Ferrari.2019-720p.mkv,82
1770267268,,,/home/pseudo/Downloads/Telegram Desktop/Monster (Dual) Episode - 01 1080p.mkv,90
1770267270,,,/home/pseudo/Downloads/Telegram Desktop/Monster (Dual) Episode - 01 1080p.mkv,90
1770267274,,,/home/pseudo/Downloads/Telegram Desktop/Monster (Dual) Episode - 01 1080p.mkv,90
1770267424,,,/home/pseudo/Music/TempleOS-Hymn-Risen.mp3,55
1770267457,,,/home/pseudo/Music/you need sleep.flac,51
1770267861,,,/home/pseudo/Music/you need sleep.flac,51
1770267955,,,/home/pseudo/Downloads/Telegram Desktop/Monster (Dual) Episode - 01 1080p.mkv,90
1770267957,,,/home/pseudo/Downloads/Telegram Desktop/Monster (Dual) Episode - 01 1080p.mkv,90
1770267958,,,/home/pseudo/Downloads/Telegram Desktop/Monster (Dual) Episode - 01 1080p.mkv,90
1770267959,,,/home/pseudo/Downloads/Telegram Desktop/Monster (Dual) Episode - 01 1080p.mkv,90
1770267959,,,/home/pseudo/Downloads/Telegram Desktop/Monster (Dual) Episode - 01 1080p.mkv,90
1770268233,,,/home/pseudo/Music/TempleOS-Hymn-Risen.mp3,55
1770268267,,,/home/pseudo/Music/you need sleep.flac,51
1770268320,12,HDHub4u.Surf,/home/pseudo/Videos/Movies/Ford.v.Ferrari.2019-720p.mkv,82
1770268406,,,/home/pseudo/Downloads/Telegram Desktop/Monster (Dual) Episode - 01 1080p.mkv,90
1770268507,12,HDHub4u.Surf,/home/pseudo/Videos/Movies/Ford.v.Ferrari.2019-720p.mkv,82
1770268689,87,Bruce Almighty (2003) BRRip 720p x264 [Dual Audio] [Hindi 6ch+ English]--prisak~~{HKRG},/home/pseudo/Videos/Movies/MLWBD.com Bruce Almighty (2003) BRRip 720p x264 [Dual Audio] [Hindi 6ch English].mkv,213
1770268764,12,HDHub4u.Surf,/home/pseudo/Videos/Movies/Ford.v.Ferrari.2019-720p.mkv,82
1770268777,12,HDHub4u.Surf,/home/pseudo/Videos/Movies/Ford.v.Ferrari.2019-720p.mkv,82
1770268781,87,Bruce Almighty (2003) BRRip 720p x264 [Dual Audio] [Hindi 6ch+ English]--prisak~~{HKRG},/home/pseudo/Videos/Movies/MLWBD.com Bruce Almighty (2003) BRRip 720p x264 [Dual Audio] [Hindi 6ch English].mkv,213
1770268933,87,Bruce Almighty (2003) BRRip 720p x264 [Dual Audio] [Hindi 6ch+ English]--prisak~~{HKRG},/home/pseudo/Videos/Movies/MLWBD.com Bruce Almighty (2003) BRRip 720p x264 [Dual Audio] [Hindi 6ch English].mkv,213
1770268973,12,HDHub4u.Surf,/home/pseudo/Videos/Movies/Ford.v.Ferrari.2019-720p.mkv,82
1770269000,12,HDHub4u.Surf,/home/pseudo/Videos/Movies/Ford.v.Ferrari.2019-720p.mkv,82
1770269073,12,HDHub4u.Surf,/home/pseudo/Videos/Movies/Ford.v.Ferrari.2019-720p.mkv,82
1770269155,12,HDHub4u.Surf,/home/pseudo/Videos/Movies/Ford.v.Ferrari.2019-720p.mkv,82
1770269172,12,HDHub4u.Surf,/home/pseudo/Videos/Movies/Ford.v.Ferrari.2019-720p.mkv,82
1770269188,87,Bruce Almighty (2003) BRRip 720p x264 [Dual Audio] [Hindi 6ch+ English]--prisak~~{HKRG},/home/pseudo/Videos/Movies/MLWBD.com Bruce Almighty (2003) BRRip 720p x264 [Dual Audio] [Hindi 6ch English].mkv,213
1770269193,87,Bruce Almighty (2003) BRRip 720p x264 [Dual Audio] [Hindi 6ch+ English]--prisak~~{HKRG},/home/pseudo/Videos/Movies/MLWBD.com Bruce Almighty (2003) BRRip 720p x264 [Dual Audio] [Hindi 6ch English].mkv,213
1770269195,87,Bruce Almighty (2003) BRRip 720p x264 [Dual Audio] [Hindi 6ch+ English]--prisak~~{HKRG},/home/pseudo/Videos/Movies/MLWBD.com Bruce Almighty (2003) BRRip 720p x264 [Dual Audio] [Hindi 6ch English].mkv,213
1770269200,87,Bruce Almighty (2003) BRRip 720p x264 [Dual Audio] [Hindi 6ch+ English]--prisak~~{HKRG},/home/pseudo/Videos/Movies/MLWBD.com Bruce Almighty (2003) BRRip 720p x264 [Dual Audio] [Hindi 6ch English].mkv,213
1770269203,12,HDHub4u.Surf,/home/pseudo/Videos/Movies/Ford.v.Ferrari.2019-720p.mkv,82
1770269770,12,HDHub4u.Surf,/home/pseudo/Videos/Movies/Ford.v.Ferrari.2019-720p.mkv,82
1770269800,12,HDHub4u.Surf,/home/pseudo/Videos/Movies/Ford.v.Ferrari.2019-720p.mkv,82
1770269806,34,Kishkindha.Kaandam.2024.Dual.1080p,/home/pseudo/Videos/Movies/Kishkindha.Kaandam.2024.Dual.1080p (1).mkv,118
1770270865,34,Kishkindha.Kaandam.2024.Dual.1080p,/home/pseudo/Videos/Movies/Kishkindha.Kaandam.2024.Dual.1080p (1).mkv,118
1770270869,34,Kishkindha.Kaandam.2024.Dual.1080p,/home/pseudo/Videos/Movies/Kishkindha.Kaandam.2024.Dual.1080p (1).mkv,118
1770270927,27,Pahe.in - La La Land (2016),/home/pseudo/Videos/Movies/MLWBD.com La.La.Land.2016.BluRay.720p .mkv,111
1770270933,27,Pahe.in - La La Land (2016),/home/pseudo/Videos/Movies/MLWBD.com La.La.Land.2016.BluRay.720p .mkv,111
1770270940,27,Pahe.in - La La Land (2016),/home/pseudo/Videos/Movies/MLWBD.com La.La.Land.2016.BluRay.720p .mkv,111
1770270946,27,Pahe.in - La La Land (2016),/home/pseudo/Videos/Movies/MLWBD.com La.La.Land.2016.BluRay.720p .mkv,111
1770270974,34,Kishkindha.Kaandam.2024.Dual.1080p,/home/pseudo/Videos/Movies/Kishkindha.Kaandam.2024.Dual.1080p (1).mkv,118
1770271495,27,Pahe.in - La La Land (2016),/home/pseudo/Videos/Movies/MLWBD.com La.La.Land.2016.BluRay.720p .mkv,111
1770271507,27,Pahe.in - La La Land (2016),/home/pseudo/Videos/Movies/MLWBD.com La.La.Land.2016.BluRay.720p .mkv,111
1770272579,27,Pahe.in - La La Land (2016),/home/pseudo/Videos/Movies/MLWBD.com La.La.Land.2016.BluRay.720p .mkv,111
1770272653,,,/home/pseudo/Downloads/Telegram Desktop/Monster (Dual) Episode - 01 1080p.mkv,90
1770272749,,,/home/pseudo/Downloads/Telegram Desktop/Monster (Dual) Episode - 01 1080p.mkv,90
1770272785,,,/home/pseudo/Downloads/Telegram Desktop/Monster (Dual) Episode - 01 1080p.mkv,90
1770272817,27,Pahe.in - La La Land (2016),/home/pseudo/Videos/Movies/MLWBD.com La.La.Land.2016.BluRay.720p .mkv,111
1770272891,87,Bruce Almighty (2003) BRRip 720p x264 [Dual Audio] [Hindi 6ch+ English]--prisak~~{HKRG},/home/pseudo/Videos/Movies/MLWBD.com Bruce Almighty (2003) BRRip 720p x264 [Dual Audio] [Hindi 6ch English].mkv,213
1770272973,87,Bruce Almighty (2003) BRRip 720p x264 [Dual Audio] [Hindi 6ch+ English]--prisak~~{HKRG},/home/pseudo/Videos/Movies/MLWBD.com Bruce Almighty (2003) BRRip 720p x264 [Dual Audio] [Hindi 6ch English].mkv,213
1770273032,87,Bruce Almighty (2003) BRRip 720p x264 [Dual Audio] [Hindi 6ch+ English]--prisak~~{HKRG},/home/pseudo/Videos/Movies/MLWBD.com Bruce Almighty (2003) BRRip 720p x264 [Dual Audio] [Hindi 6ch English].mkv,213
1770273044,87,Bruce Almighty (2003) BRRip 720p x264 [Dual Audio] [Hindi 6ch+ English]--prisak~~{HKRG},/home/pseudo/Videos/Movies/MLWBD.com Bruce Almighty (2003) BRRip 720p x264 [Dual Audio] [Hindi 6ch English].mkv,213
1770273091,87,Bruce Almighty (2003) BRRip 720p x264 [Dual Audio] [Hindi 6ch+ English]--prisak~~{HKRG},/home/pseudo/Videos/Movies/MLWBD.com Bruce Almighty (2003) BRRip 720p x264 [Dual Audio] [Hindi 6ch English].mkv,213
1770273112,27,Pahe.in - La La Land (2016),/home/pseudo/Videos/Movies/MLWBD.com La.La.Land.2016.BluRay.720p .mkv,111
1770273154,27,Pahe.in - La La Land (2016),/home/pseudo/Videos/Movies/MLWBD.com La.La.Land.2016.BluRay.720p .mkv,111
1770273438,57,Memento 2000 BluRay - mkvCinemas / Encoded By: mkvCinemas,/home/pseudo/Videos/Movies/Memento.mkv,110
1770273507,34,Kishkindha.Kaandam.2024.Dual.1080p,/home/pseudo/Videos/Movies/Kishkindha.Kaandam.2024.Dual.1080p (1).mkv,118
1770273538,34,Kishkindha.Kaandam.2024.Dual.1080p,/home/pseudo/Videos/Movies/Kishkindha.Kaandam.2024.Dual.1080p (1).mkv,118
1770273547,34,Kishkindha.Kaandam.2024.Dual.1080p,/home/pseudo/Videos/Movies/Kishkindha.Kaandam.2024.Dual.1080p (1).mkv,118
1770273564,34,Kishkindha.Kaandam.2024.Dual.1080p,/home/pseudo/Videos/Movies/Kishkindha.Kaandam.2024.Dual.1080p (1).mkv,118
1770273607,34,Kishkindha.Kaandam.2024.Dual.1080p,/home/pseudo/Videos/Movies/Kishkindha.Kaandam.2024.Dual.1080p (1).mkv,118
1770273632,12,HDHub4u.Surf,/home/pseudo/Videos/Movies/Ford.v.Ferrari.2019-720p.mkv,82
1770273738,12,HDHub4u.Surf,/home/pseudo/Videos/Movies/Ford.v.Ferrari.2019-720p.mkv,82
1770273765,57,Memento 2000 BluRay - mkvCinemas / Encoded By: mkvCinemas,/home/pseudo/Videos/Movies/Memento.mkv,110
1770273833,12,HDHub4u.Surf,/home/pseudo/Videos/Movies/Ford.v.Ferrari.2019-720p.mkv,82
1770274172,12,HDHub4u.Surf,/home/pseudo/Videos/Movies/Ford.v.Ferrari.2019-720p.mkv,82
1770274806,12,HDHub4u.Surf,/home/pseudo/Videos/Movies/Ford.v.Ferrari.2019-720p.mkv,82
1770274968,12,HDHub4u.Surf,/home/pseudo/Videos/Movies/Ford.v.Ferrari.2019-720p.mkv,82
1770275131,12,HDHub4u.Surf,/home/pseudo/Videos/Movies/Ford.v.Ferrari.2019-720p.mkv,82
1770275204,12,HDHub4u.Surf,/home/pseudo/Videos/Movies/Ford.v.Ferrari.2019-720p.mkv,82
1770275329,12,HDHub4u.Surf,/home/pseudo/Videos/Movies/Ford.v.Ferrari.2019-720p.mkv,82
1770275373,12,HDHub4u.Surf,/home/pseudo/Videos/Movies/Ford.v.Ferrari.2019-720p.mkv,82
1770275553,12,HDHub4u.Surf,/home/pseudo/Videos/Movies/Ford.v.Ferrari.2019-720p.mkv,82
1770275676,12,HDHub4u.Surf,/home/pseudo/Videos/Movies/Ford.v.Ferrari.2019-720p.mkv,82
1770275798,12,HDHub4u.Surf,/home/pseudo/Videos/Movies/Ford.v.Ferrari.2019-720p.mkv,82
1770275915,12,HDHub4u.Surf,/home/pseudo/Videos/Movies/Ford.v.Ferrari.2019-720p.mkv,82
1770275957,12,HDHub4u.Surf,/home/pseudo/Videos/Movies/Ford.v.Ferrari.2019-720p.mkv,82
1770275968,12,HDHub4u.Surf,/home/pseudo/Videos/Movies/Ford.v.Ferrari.2019-720p.mkv,82
1770275992,12,HDHub4u.Surf,/home/pseudo/Videos/Movies/Ford.v.Ferrari.2019-720p.mkv,82
1770276590,12,HDHub4u.Surf,/home/pseudo/Videos/Movies/Ford.v.Ferrari.2019-720p.mkv,82
1770276724,12,HDHub4u.Surf,/home/pseudo/Videos/Movies/Ford.v.Ferrari.2019-720p.mkv,82
1770276800,34,Kishkindha.Kaandam.2024.Dual.1080p,/home/pseudo/Videos/Movies/Kishkindha.Kaandam.2024.Dual.1080p (1).mkv,118
1770276970,12,HDHub4u.Surf,/home/pseudo/Videos/Movies/Ford.v.Ferrari.2019-720p.mkv,82
1770277047,12,HDHub4u.Surf,/home/pseudo/Videos/Movies/Ford.v.Ferrari.2019-720p.mkv,82
1770277100,12,HDHub4u.Surf,/home/pseudo/Videos/Movies/Ford.v.Ferrari.2019-720p.mkv,82
1770277105,28,Dragon (2025) Dual ORG 1080p,/home/pseudo/Videos/Movies/Dragon (2025) Dual ORG 1080p.mkv,102
1770277109,13,[RacasTA.coM],/home/pseudo/Videos/Movies/Man Of Steel (2013).mkv,78
1770277117,12,HDHub4u.Surf,/home/pseudo/Videos/Movies/Ford.v.Ferrari.2019-720p.mkv,82
1770277348,12,HDHub4u.Surf,/home/pseudo/Videos/Movies/Ford.v.Ferrari.2019-720p.mkv,82
1770277480,12,HDHub4u.Surf,/home/pseudo/Videos/Movies/Ford.v.Ferrari.2019-720p.mkv,82
1770277501,28,Dragon (2025) Dual ORG 1080p,/home/pseudo/Videos/Movies/Dragon (2025) Dual ORG 1080p.mkv,102
1770278015,28,Dragon (2025) Dual ORG 1080p,/home/pseudo/Videos/Movies/Dragon (2025) Dual ORG 1080p.mkv,102
1770278084,28,Dragon (2025) Dual ORG 1080p,/home/pseudo/Videos/Movies/Dragon (2025) Dual ORG 1080p.mkv,102
1770278181,28,Dragon (2025) Dual ORG 1080p,/home/pseudo/Videos/Movies/Dragon (2025) Dual ORG 1080p.mkv,102
1770278208,28,Dragon (2025) Dual ORG 1080p,/home/pseudo/Videos/Movies/Dragon (2025) Dual ORG 1080p.mkv,102
1770278214,12,HDHub4u.Surf,/home/pseudo/Videos/Movies/Ford.v.Ferrari.2019-720p.mkv,82
1770278229,,,/home/pseudo/Videos/Downloaded Videos/statistics/Measure of Dispersion one shot｜Statistics｜Business Statistics｜BBA｜BCA｜B.COM｜B.TECH｜Dream Maths [5sakfGibqVw].webm,189
1770278236,,,/home/pseudo/Videos/Downloaded Videos/statistics/Linear Regression Analysis one Shot｜Business statistics｜Statistics｜BBA｜BCA｜B.COM｜B.TECH [SJyhSU8PsTk].webm,180
1770278243,,,/home/pseudo/Videos/Downloaded Videos/statistics/Measure of Dispersion one shot｜Statistics｜Business Statistics｜BBA｜BCA｜B.COM｜B.TECH｜Dream Maths [5sakfGibqVw].webm,189
1770278246,,,/home/pseudo/Videos/Downloaded Videos/statistics/Measure of Dispersion one shot｜Statistics｜Business Statistics｜BBA｜BCA｜B.COM｜B.TECH｜Dream Maths [5sakfGibqVw].webm,189
1770278249,,,/home/pseudo/Videos/Downloaded Videos/statistics/Linear Regression Analysis one Shot｜Business statistics｜Statistics｜BBA｜BCA｜B.COM｜B.TECH [SJyhSU8PsTk].webm,180
1770278256,,,/home/pseudo/Videos/Downloaded Videos/I Visited The Mole People Underground (They live with no Sun).mp4,116
1770278424,12,HDHub4u.Surf,/home/pseudo/Videos/Movies/Ford.v.Ferrari.2019-720p.mkv,82
1770278456,12,HDHub4u.Surf,/home/pseudo/Videos/Movies/Ford.v.Ferrari.2019-720p.mkv,82
1770278488,12,HDHub4u.Surf,/home/pseudo/Videos/Movies/Ford.v.Ferrari.2019-720p.mkv,82
1770278594,12,HDHub4u.Surf,/home/pseudo/Videos/Movies/Ford.v.Ferrari.2019-720p.mkv,82
1770278822,12,HDHub4u.Surf,/home/pseudo/Videos/Movies/Ford.v.Ferrari.2019-720p.mkv,82
1770279010,12,HDHub4u.Surf,/home/pseudo/Videos/Movies/Ford.v.Ferrari.2019-720p.mkv,82
1770279115,12,HDHub4u.Surf,/home/pseudo/Videos/Movies/Ford.v.Ferrari.2019-720p.mkv,82
1770279293,12,HDHub4u.Surf,/home/pseudo/Videos/Movies/Ford.v.Ferrari.2019-720p.mkv,82
1770279338,12,HDHub4u.Surf,/home/pseudo/Videos/Movies/Ford.v.Ferrari.2019-720p.mkv,82
1770279428,12,HDHub4u.Surf,/home/pseudo/Videos/Movies/Ford.v.Ferrari.2019-720p.mkv,82
1770279479,12,HDHub4u.Surf,/home/pseudo/Videos/Movies/Ford.v.Ferrari.2019-720p.mkv,82
1770279494,12,HDHub4u.Surf,/home/pseudo/Videos/Movies/Ford.v.Ferrari.2019-720p.mkv,82
1770279635,12,HDHub4u.Surf,/home/pseudo/Videos/Movies/Ford.v.Ferrari.2019-720p.mkv,82
1770279675,12,HDHub4u.Surf,/home/pseudo/Videos/Movies/Ford.v.Ferrari.2019-720p.mkv,82
1770279679,34,Kishkindha.Kaandam.2024.Dual.1080p,/home/pseudo/Videos/Movies/Kishkindha.Kaandam.2024.Dual.1080p (1).mkv,118
1770279680,12,HDHub4u.Surf,/home/pseudo/Videos/Movies/Ford.v.Ferrari.2019-720p.mkv,82
1770279801,12,HDHub4u.Surf,/home/pseudo/Videos/Movies/Ford.v.Ferrari.2019-720p.mkv,82
1770281108,12,HDHub4u.Surf,/home/pseudo/Videos/Movies/Ford.v.Ferrari.2019-720p.mkv,82
1770281157,12,HDHub4u.Surf,/home/pseudo/Videos/Movies/Ford.v.Ferrari.2019-720p.mkv,82
1770281234,12,HDHub4u.Surf,/home/pseudo/Videos/Movies/Ford.v.Ferrari.2019-720p.mkv,82
1770281238,12,HDHub4u.Surf,/home/pseudo/Videos/Movies/Ford.v.Ferrari.2019-720p.mkv,82
1770281244,12,HDHub4u.Surf,/home/pseudo/Videos/Movies/Ford.v.Ferrari.2019-720p.mkv,82
1770281252,12,HDHub4u.Surf,/home/pseudo/Videos/Movies/Ford.v.Ferrari.2019-720p.mkv,82
1770281277,12,HDHub4u.Surf,/home/pseudo/Videos/Movies/Ford.v.Ferrari.2019-720p.mkv,82
1770281284,12,HDHub4u.Surf,/home/pseudo/Videos/Movies/Ford.v.Ferrari.2019-720p.mkv,82
1770281308,12,HDHub4u.Surf,/home/pseudo/Videos/Movies/Ford.v.Ferrari.2019-720p.mkv,82
1770281366,12,HDHub4u.Surf,/home/pseudo/Videos/Movies/Ford.v.Ferrari.2019-720p.mkv,82
1770281486,12,HDHub4u.Surf,/home/pseudo/Videos/Movies/Ford.v.Ferrari.2019-720p.mkv,82
1770281674,12,HDHub4u.Surf,/home/pseudo/Videos/Movies/Ford.v.Ferrari.2019-720p.mkv,82
1770281722,12,HDHub4u.Surf,/home/pseudo/Videos/Movies/Ford.v.Ferrari.2019-720p.mkv,82
1770281755,12,HDHub4u.Surf,/home/pseudo/Videos/Movies/Ford.v.Ferrari.2019-720p.mkv,82
1770281944,12,HDHub4u.Surf,/home/pseudo/Videos/Movies/Ford.v.Ferrari.2019-720p.mkv,82
1770281979,12,HDHub4u.Surf,/home/pseudo/Videos/Movies/Ford.v.Ferrari.2019-720p.mkv,82
1770281982,12,HDHub4u.Surf,/home/pseudo/Videos/Movies/Ford.v.Ferrari.2019-720p.mkv,82
1770281986,12,HDHub4u.Surf,/home/pseudo/Videos/Movies/Ford.v.Ferrari.2019-720p.mkv,82
1770281991,12,HDHub4u.Surf,/home/pseudo/Videos/Movies/Ford.v.Ferrari.2019-720p.mkv,82
1770281998,12,HDHub4u.Surf,/home/pseudo/Videos/Movies/Ford.v.Ferrari.2019-720p.mkv,82
1770282002,12,HDHub4u.Surf,/home/pseudo/Videos/Movies/Ford.v.Ferrari.2019-720p.mkv,82
1770282007,12,HDHub4u.Surf,/home/pseudo/Videos/Movies/Ford.v.Ferrari.2019-720p.mkv,82
1770282008,12,HDHub4u.Surf,/home/pseudo/Videos/Movies/Ford.v.Ferrari.2019-720p.mkv,82
1770282035,12,HDHub4u.Surf,/home/pseudo/Videos/Movies/Ford.v.Ferrari.2019-720p.mkv,82
1770282070,12,HDHub4u.Surf,/home/pseudo/Videos/Movies/Ford.v.Ferrari.2019-720p.mkv,82
1770282127,12,HDHub4u.Surf,/home/pseudo/Videos/Movies/Ford.v.Ferrari.2019-720p.mkv,82
1770282166,12,HDHub4u.Surf,/home/pseudo/Videos/Movies/Ford.v.Ferrari.2019-720p.mkv,82
1770282204,12,HDHub4u.Surf,/home/pseudo/Videos/Movies/Ford.v.Ferrari.2019-720p.mkv,82
1770282218,12,HDHub4u.Surf,/home/pseudo/Videos/Movies/Ford.v.Ferrari.2019-720p.mkv,82
1770282247,12,HDHub4u.Surf,/home/pseudo/Videos/Movies/Ford.v.Ferrari.2019-720p.mkv,82
1770282293,12,HDHub4u.Surf,/home/pseudo/Videos/Movies/Ford.v.Ferrari.2019-720p.mkv,82
1770282325,12,HDHub4u.Surf,/home/pseudo/Videos/Movies/Ford.v.Ferrari.2019-720p.mkv,82
1770282343,12,HDHub4u.Surf,/home/pseudo/Videos/Movies/Ford.v.Ferrari.2019-720p.mkv,82
1770284539,12,HDHub4u.Surf,/home/pseudo/Videos/Movies/Ford.v.Ferrari.2019-720p.mkv,82
1770284577,12,HDHub4u.Surf,/home/pseudo/Videos/Movies/Ford.v.Ferrari.2019-720p.mkv,82
1770284627,12,HDHub4u.Surf,/home/pseudo/Videos/Movies/Ford.v.Ferrari.2019-720p.mkv,82
1770284760,12,HDHub4u.Surf,/home/pseudo/Videos/Movies/Ford.v.Ferrari.2019-720p.mkv,82
1770284912,12,HDHub4u.Surf,/home/pseudo/Videos/Movies/Ford.v.Ferrari.2019-720p.mkv,82
1770284943,12,HDHub4u.Surf,/home/pseudo/Videos/Movies/Ford.v.Ferrari.2019-720p.mkv,82
1770284985,12,HDHub4u.Surf,/home/pseudo/Videos/Movies/Ford.v.Ferrari.2019-720p.mkv,82
1770285002,12,HDHub4u.Surf,/home/pseudo/Videos/Movies/Ford.v.Ferrari.2019-720p.mkv,82
1770285045,12,HDHub4u.Surf,/home/pseudo/Videos/Movies/Ford.v.Ferrari.2019-720p.mkv,82
1770285080,12,HDHub4u.Surf,/home/pseudo/Videos/Movies/Ford.v.Ferrari.2019-720p.mkv,82
1770285171,12,HDHub4u.Surf,/home/pseudo/Videos/Movies/Ford.v.Ferrari.2019-720p.mkv,82
1770285201,12,HDHub4u.Surf,/home/pseudo/Videos/Movies/Ford.v.Ferrari.2019-720p.mkv,82
1770285245,12,HDHub4u.Surf,/home/pseudo/Videos/Movies/Ford.v.Ferrari.2019-720p.mkv,82
1770285308,12,HDHub4u.Surf,/home/pseudo/Videos/Movies/Ford.v.Ferrari.2019-720p.mkv,82
1770285313,12,HDHub4u.Surf,/home/pseudo/Videos/Movies/Ford.v.Ferrari.2019-720p.mkv,82
1770285319,12,HDHub4u.Surf,/home/pseudo/Videos/Movies/Ford.v.Ferrari.2019-720p.mkv,82
1770285334,34,Kishkindha.Kaandam.2024.Dual.1080p,/home/pseudo/Videos/Movies/Kishkindha.Kaandam.2024.Dual.1080p (1).mkv,118
1770285340,12,HDHub4u.Surf,/home/pseudo/Videos/Movies/Ford.v.Ferrari.2019-720p.mkv,82
1770285345,34,Kishkindha.Kaandam.2024.Dual.1080p,/home/pseudo/Videos/Movies/Kishkindha.Kaandam.2024.Dual.1080p (1).mkv,118
1770285350,34,Kishkindha.Kaandam.2024.Dual.1080p,/home/pseudo/Videos/Movies/Kishkindha.Kaandam.2024.Dual.1080p (1).mkv,118
1770285391,12,HDHub4u.Surf,/home/pseudo/Videos/Movies/Ford.v.Ferrari.2019-720p.mkv,82
1770285398,28,Dragon (2025) Dual ORG 1080p,/home/pseudo/Videos/Movies/Dragon (2025) Dual ORG 1080p.mkv,102
1770285405,13,[RacasTA.coM],/home/pseudo/Videos/Movies/Man Of Steel (2013).mkv,78
1770285458,13,[RacasTA.coM],/home/pseudo/Videos/Movies/Man Of Steel (2013).mkv,78
1770285467,25,MLWBD.com Soul.2020.1080p,/home/pseudo/Videos/Movies/MLWBD.com Soul.2020.1080p.mkv,96
1770285499,13,[RacasTA.coM],/home/pseudo/Videos/Movies/Man Of Steel (2013).mkv,78
1770285505,27,Pahe.in - La La Land (2016),/home/pseudo/Videos/Movies/MLWBD.com La.La.Land.2016.BluRay.720p .mkv,111
1770285521,,,/home/pseudo/Videos/Recordings/omarchy record.mp4,62
1770285665,,,/home/pseudo/Videos/Recordings/2025-12-12 00-44-10.mp4,67
1770285683,,,/home/pseudo/Videos/Downloaded Videos/statistics/Measure of Dispersion one shot｜Statistics｜Business Statistics｜BBA｜BCA｜B.COM｜B.TECH｜Dream Maths [5sakfGibqVw].webm,189
1770285683,,,/home/pseudo/Videos/Downloaded Videos/statistics/Measure of Dispersion one shot｜Statistics｜Business Statistics｜BBA｜BCA｜B.COM｜B.TECH｜Dream Maths [5sakfGibqVw].webm,189
1770285689,,,/home/pseudo/Videos/Downloaded Videos/statistics/Measure of Dispersion one shot｜Statistics｜Business Statistics｜BBA｜BCA｜B.COM｜B.TECH｜Dream Maths [5sakfGibqVw].webm,189
1770285693,,,/home/pseudo/Videos/Downloaded Videos/statistics/Measure of Dispersion one shot｜Statistics｜Business Statistics｜BBA｜BCA｜B.COM｜B.TECH｜Dream Maths [5sakfGibqVw].webm,189
1770285695,,,/home/pseudo/Videos/Downloaded Videos/statistics/Measure of Dispersion one shot｜Statistics｜Business Statistics｜BBA｜BCA｜B.COM｜B.TECH｜Dream Maths [5sakfGibqVw].webm,189
1770285699,,,/home/pseudo/Videos/Downloaded Videos/statistics/Measure of Dispersion one shot｜Statistics｜Business Statistics｜BBA｜BCA｜B.COM｜B.TECH｜Dream Maths [5sakfGibqVw].webm,189
1770285710,,,/home/pseudo/Videos/Downloaded Videos/statistics/Measure of Dispersion one shot｜Statistics｜Business Statistics｜BBA｜BCA｜B.COM｜B.TECH｜Dream Maths [5sakfGibqVw].webm,189
1770285714,,,/home/pseudo/Videos/Downloaded Videos/statistics/Measure of Dispersion one shot｜Statistics｜Business Statistics｜BBA｜BCA｜B.COM｜B.TECH｜Dream Maths [5sakfGibqVw].webm,189
1770285735,34,Kishkindha.Kaandam.2024.Dual.1080p,/home/pseudo/Videos/Movies/Kishkindha.Kaandam.2024.Dual.1080p (1).mkv,118
1770285889,57,Memento 2000 BluRay - mkvCinemas / Encoded By: mkvCinemas,/home/pseudo/Videos/Movies/Memento.mkv,110
1770285959,34,Kishkindha.Kaandam.2024.Dual.1080p,/home/pseudo/Videos/Movies/Kishkindha.Kaandam.2024.Dual.1080p (1).mkv,118
1770286055,34,Kishkindha.Kaandam.2024.Dual.1080p,/home/pseudo/Videos/Movies/Kishkindha.Kaandam.2024.Dual.1080p (1).mkv,118
1770286076,34,Kishkindha.Kaandam.2024.Dual.1080p,/home/pseudo/Videos/Movies/Kishkindha.Kaandam.2024.Dual.1080p (1).mkv,118
1770286274,34,Kishkindha.Kaandam.2024.Dual.1080p,/home/pseudo/Videos/Movies/Kishkindha.Kaandam.2024.Dual.1080p (1).mkv,118
1770286331,34,Kishkindha.Kaandam.2024.Dual.1080p,/home/pseudo/Videos/Movies/Kishkindha.Kaandam.2024.Dual.1080p (1).mkv,118
1770286488,34,Kishkindha.Kaandam.2024.Dual.1080p,/home/pseudo/Videos/Movies/Kishkindha.Kaandam.2024.Dual.1080p (1).mkv,118
1770286498,34,Kishkindha.Kaandam.2024.Dual.1080p,/home/pseudo/Videos/Movies/Kishkindha.Kaandam.2024.Dual.1080p (1).mkv,118
1770286517,34,Kishkindha.Kaandam.2024.Dual.1080p,/home/pseudo/Videos/Movies/Kishkindha.Kaandam.2024.Dual.1080p (1).mkv,118
1770286586,34,Kishkindha.Kaandam.2024.Dual.1080p,/home/pseudo/Videos/Movies/Kishkindha.Kaandam.2024.Dual.1080p (1).mkv,118
1770286599,34,Kishkindha.Kaandam.2024.Dual.1080p,/home/pseudo/Videos/Movies/Kishkindha.Kaandam.2024.Dual.1080p (1).mkv,118
1770287784,34,Kishkindha.Kaandam.2024.Dual.1080p,/home/pseudo/Videos/Movies/Kishkindha.Kaandam.2024.Dual.1080p (1).mkv,118
1770287798,34,Kishkindha.Kaandam.2024.Dual.1080p,/home/pseudo/Videos/Movies/Kishkindha.Kaandam.2024.Dual.1080p (1).mkv,118
1770287824,34,Kishkindha.Kaandam.2024.Dual.1080p,/home/pseudo/Videos/Movies/Kishkindha.Kaandam.2024.Dual.1080p (1).mkv,118
1770287900,34,Kishkindha.Kaandam.2024.Dual.1080p,/home/pseudo/Videos/Movies/Kishkindha.Kaandam.2024.Dual.1080p (1).mkv,118
1770287927,34,Kishkindha.Kaandam.2024.Dual.1080p,/home/pseudo/Videos/Movies/Kishkindha.Kaandam.2024.Dual.1080p (1).mkv,118
1770287941,34,Kishkindha.Kaandam.2024.Dual.1080p,/home/pseudo/Videos/Movies/Kishkindha.Kaandam.2024.Dual.1080p (1).mkv,118
1770287950,34,Kishkindha.Kaandam.2024.Dual.1080p,/home/pseudo/Videos/Movies/Kishkindha.Kaandam.2024.Dual.1080p (1).mkv,118
1770287953,12,HDHub4u.Surf,/home/pseudo/Videos/Movies/Ford.v.Ferrari.2019-720p.mkv,82
1770288019,12,HDHub4u.Surf,/home/pseudo/Videos/Movies/Ford.v.Ferrari.2019-720p.mkv,82
1770288025,34,Kishkindha.Kaandam.2024.Dual.1080p,/home/pseudo/Videos/Movies/Kishkindha.Kaandam.2024.Dual.1080p (1).mkv,118
1770288052,34,Kishkindha.Kaandam.2024.Dual.1080p,/home/pseudo/Videos/Movies/Kishkindha.Kaandam.2024.Dual.1080p (1).mkv,118
1770288062,34,Kishkindha.Kaandam.2024.Dual.1080p,/home/pseudo/Videos/Movies/Kishkindha.Kaandam.2024.Dual.1080p (1).mkv,118
1770288341,34,Kishkindha.Kaandam.2024.Dual.1080p,/home/pseudo/Videos/Movies/Kishkindha.Kaandam.2024.Dual.1080p (1).mkv,118
1770288373,34,Kishkindha.Kaandam.2024.Dual.1080p,/home/pseudo/Videos/Movies/Kishkindha.Kaandam.2024.Dual.1080p (1).mkv,118
1770288553,34,Kishkindha.Kaandam.2024.Dual.1080p,/home/pseudo/Videos/Movies/Kishkindha.Kaandam.2024.Dual.1080p (1).mkv,118
1770303630,,,/home/pseudo/Downloads/Telegram Desktop/Monster (Dual) Episode - 01 1080p.mkv,90
1770303660,34,Kishkindha.Kaandam.2024.Dual.1080p,/home/pseudo/Videos/Movies/Kishkindha.Kaandam.2024.Dual.1080p (1).mkv,118
1770307876,34,Kishkindha.Kaandam.2024.Dual.1080p,/home/pseudo/Videos/Movies/Kishkindha.Kaandam.2024.Dual.1080p (1).mkv,118
1770307952,34,Kishkindha.Kaandam.2024.Dual.1080p,/home/pseudo/Videos/Movies/Kishkindha.Kaandam.2024.Dual.1080p (1).mkv,118
1770318531,34,Kishkindha.Kaandam.2024.Dual.1080p,/home/pseudo/Videos/Movies/Kishkindha.Kaandam.2024.Dual.1080p (1).mkv,118
1770320274,34,Kishkindha.Kaandam.2024.Dual.1080p,/home/pseudo/Videos/Movies/Kishkindha.Kaandam.2024.Dual.1080p (1).mkv,118
1770320289,34,Kishkindha.Kaandam.2024.Dual.1080p,/home/pseudo/Videos/Movies/Kishkindha.Kaandam.2024.Dual.1080p (1).mkv,118
1770320298,34,Kishkindha.Kaandam.2024.Dual.1080p,/home/pseudo/Videos/Movies/Kishkindha.Kaandam.2024.Dual.1080p (1).mkv,118
1770320374,34,Kishkindha.Kaandam.2024.Dual.1080p,/home/pseudo/Videos/Movies/Kishkindha.Kaandam.2024.Dual.1080p (1).mkv,118
1770320412,34,Kishkindha.Kaandam.2024.Dual.1080p,/home/pseudo/Videos/Movies/Kishkindha.Kaandam.2024.Dual.1080p (1).mkv,118
1770320583,34,Kishkindha.Kaandam.2024.Dual.1080p,/home/pseudo/Videos/Movies/Kishkindha.Kaandam.2024.Dual.1080p (1).mkv,118
1770320614,34,Kishkindha.Kaandam.2024.Dual.1080p,/home/pseudo/Videos/Movies/Kishkindha.Kaandam.2024.Dual.1080p (1).mkv,118
1770320668,34,Kishkindha.Kaandam.2024.Dual.1080p,/home/pseudo/Videos/Movies/Kishkindha.Kaandam.2024.Dual.1080p (1).mkv,118
1770320735,34,Kishkindha.Kaandam.2024.Dual.1080p,/home/pseudo/Videos/Movies/Kishkindha.Kaandam.2024.Dual.1080p (1).mkv,118
1770320823,34,Kishkindha.Kaandam.2024.Dual.1080p,/home/pseudo/Videos/Movies/Kishkindha.Kaandam.2024.Dual.1080p (1).mkv,118
1770320827,34,Kishkindha.Kaandam.2024.Dual.1080p,/home/pseudo/Videos/Movies/Kishkindha.Kaandam.2024.Dual.1080p (1).mkv,118
1770320838,34,Kishkindha.Kaandam.2024.Dual.1080p,/home/pseudo/Videos/Movies/Kishkindha.Kaandam.2024.Dual.1080p (1).mkv,118
1770320889,34,Kishkindha.Kaandam.2024.Dual.1080p,/home/pseudo/Videos/Movies/Kishkindha.Kaandam.2024.Dual.1080p (1).mkv,118
1770320922,34,Kishkindha.Kaandam.2024.Dual.1080p,/home/pseudo/Videos/Movies/Kishkindha.Kaandam.2024.Dual.1080p (1).mkv,118
1770321034,34,Kishkindha.Kaandam.2024.Dual.1080p,/home/pseudo/Videos/Movies/Kishkindha.Kaandam.2024.Dual.1080p (1).mkv,118
1770321061,34,Kishkindha.Kaandam.2024.Dual.1080p,/home/pseudo/Videos/Movies/Kishkindha.Kaandam.2024.Dual.1080p (1).mkv,118
1770321430,12,HDHub4u.Surf,/home/pseudo/Videos/Movies/Ford.v.Ferrari.2019-720p.mkv,82
1770321433,34,Kishkindha.Kaandam.2024.Dual.1080p,/home/pseudo/Videos/Movies/Kishkindha.Kaandam.2024.Dual.1080p (1).mkv,118
1770321436,12,HDHub4u.Surf,/home/pseudo/Videos/Movies/Ford.v.Ferrari.2019-720p.mkv,82
1770321438,34,Kishkindha.Kaandam.2024.Dual.1080p,/home/pseudo/Videos/Movies/Kishkindha.Kaandam.2024.Dual.1080p (1).mkv,118
1770321441,13,[RacasTA.coM],/home/pseudo/Videos/Movies/Man Of Steel (2013).mkv,78
1770321443,34,Kishkindha.Kaandam.2024.Dual.1080p,/home/pseudo/Videos/Movies/Kishkindha.Kaandam.2024.Dual.1080p (1).mkv,118
1770321444,13,[RacasTA.coM],/home/pseudo/Videos/Movies/Man Of Steel (2013).mkv,78
1770321452,34,Kishkindha.Kaandam.2024.Dual.1080p,/home/pseudo/Videos/Movies/Kishkindha.Kaandam.2024.Dual.1080p (1).mkv,118
1770321455,12,HDHub4u.Surf,/home/pseudo/Videos/Movies/Ford.v.Ferrari.2019-720p.mkv,82
1770321464,28,Dragon (2025) Dual ORG 1080p,/home/pseudo/Videos/Movies/Dragon (2025) Dual ORG 1080p.mkv,102
1770321471,12,HDHub4u.Surf,/home/pseudo/Videos/Movies/Ford.v.Ferrari.2019-720p.mkv,82
1770321472,34,Kishkindha.Kaandam.2024.Dual.1080p,/home/pseudo/Videos/Movies/Kishkindha.Kaandam.2024.Dual.1080p (1).mkv,118
1770321473,13,[RacasTA.coM],/home/pseudo/Videos/Movies/Man Of Steel (2013).mkv,78
1770321473,57,Memento 2000 BluRay - mkvCinemas / Encoded By: mkvCinemas,/home/pseudo/Videos/Movies/Memento.mkv,110
1770322571,13,[RacasTA.coM],/home/pseudo/Videos/Movies/Man Of Steel (2013).mkv,78
1770322572,34,Kishkindha.Kaandam.2024.Dual.1080p,/home/pseudo/Videos/Movies/Kishkindha.Kaandam.2024.Dual.1080p (1).mkv,118
1770322633,34,Kishkindha.Kaandam.2024.Dual.1080p,/home/pseudo/Videos/Movies/Kishkindha.Kaandam.2024.Dual.1080p (1).mkv,118
1770322641,12,HDHub4u.Surf,/home/pseudo/Videos/Movies/Ford.v.Ferrari.2019-720p.mkv,82
1770322987,34,Kishkindha.Kaandam.2024.Dual.1080p,/home/pseudo/Videos/Movies/Kishkindha.Kaandam.2024.Dual.1080p (1).mkv,118
1770323136,34,Kishkindha.Kaandam.2024.Dual.1080p,/home/pseudo/Videos/Movies/Kishkindha.Kaandam.2024.Dual.1080p (1).mkv,118
1770323185,34,Kishkindha.Kaandam.2024.Dual.1080p,/home/pseudo/Videos/Movies/Kishkindha.Kaandam.2024.Dual.1080p (1).mkv,118
1770323223,34,Kishkindha.Kaandam.2024.Dual.1080p,/home/pseudo/Videos/Movies/Kishkindha.Kaandam.2024.Dual.1080p (1).mkv,118
1770323393,34,Kishkindha.Kaandam.2024.Dual.1080p,/home/pseudo/Videos/Movies/Kishkindha.Kaandam.2024.Dual.1080p (1).mkv,118
1770323488,34,Kishkindha.Kaandam.2024.Dual.1080p,/home/pseudo/Videos/Movies/Kishkindha.Kaandam.2024.Dual.1080p (1).mkv,118
1770323501,34,Kishkindha.Kaandam.2024.Dual.1080p,/home/pseudo/Videos/Movies/Kishkindha.Kaandam.2024.Dual.1080p (1).mkv,118
1770323929,34,Kishkindha.Kaandam.2024.Dual.1080p,/home/pseudo/Videos/Movies/Kishkindha.Kaandam.2024.Dual.1080p (1).mkv,118
1770323976,34,Kishkindha.Kaandam.2024.Dual.1080p,/home/pseudo/Videos/Movies/Kishkindha.Kaandam.2024.Dual.1080p (1).mkv,118
1770323994,34,Kishkindha.Kaandam.2024.Dual.1080p,/home/pseudo/Videos/Movies/Kishkindha.Kaandam.2024.Dual.1080p (1).mkv,118
1770324004,34,Kishkindha.Kaandam.2024.Dual.1080p,/home/pseudo/Videos/Movies/Kishkindha.Kaandam.2024.Dual.1080p (1).mkv,118
1770324036,34,Kishkindha.Kaandam.2024.Dual.1080p,/home/pseudo/Videos/Movies/Kishkindha.Kaandam.2024.Dual.1080p (1).mkv,118
1770324064,34,Kishkindha.Kaandam.2024.Dual.1080p,/home/pseudo/Videos/Movies/Kishkindha.Kaandam.2024.Dual.1080p (1).mkv,118
1770324095,34,Kishkindha.Kaandam.2024.Dual.1080p,/home/pseudo/Videos/Movies/Kishkindha.Kaandam.2024.Dual.1080p (1).mkv,118
1770324104,34,Kishkindha.Kaandam.2024.Dual.1080p,/home/pseudo/Videos/Movies/Kishkindha.Kaandam.2024.Dual.1080p (1).mkv,118
1770324107,34,Kishkindha.Kaandam.2024.Dual.1080p,/home/pseudo/Videos/Movies/Kishkindha.Kaandam.2024.Dual.1080p (1).mkv,118
1770324139,34,Kishkindha.Kaandam.2024.Dual.1080p,/home/pseudo/Videos/Movies/Kishkindha.Kaandam.2024.Dual.1080p (1).mkv,118
1770324196,34,Kishkindha.Kaandam.2024.Dual.1080p,/home/pseudo/Videos/Movies/Kishkindha.Kaandam.2024.Dual.1080p (1).mkv,118
1770324232,34,Kishkindha.Kaandam.2024.Dual.1080p,/home/pseudo/Videos/Movies/Kishkindha.Kaandam.2024.Dual.1080p (1).mkv,118
1770324371,34,Kishkindha.Kaandam.2024.Dual.1080p,/home/pseudo/Videos/Movies/Kishkindha.Kaandam.2024.Dual.1080p (1).mkv,118
1770324407,34,Kishkindha.Kaandam.2024.Dual.1080p,/home/pseudo/Videos/Movies/Kishkindha.Kaandam.2024.Dual.1080p (1).mkv,118
1770324431,34,Kishkindha.Kaandam.2024.Dual.1080p,/home/pseudo/Videos/Movies/Kishkindha.Kaandam.2024.Dual.1080p (1).mkv,118
1770324459,34,Kishkindha.Kaandam.2024.Dual.1080p,/home/pseudo/Videos/Movies/Kishkindha.Kaandam.2024.Dual.1080p (1).mkv,118
1770324476,34,Kishkindha.Kaandam.2024.Dual.1080p,/home/pseudo/Videos/Movies/Kishkindha.Kaandam.2024.Dual.1080p (1).mkv,118
1770324509,34,Kishkindha.Kaandam.2024.Dual.1080p,/home/pseudo/Videos/Movies/Kishkindha.Kaandam.2024.Dual.1080p (1).mkv,118
1770324551,12,HDHub4u.Surf,/home/pseudo/Videos/Movies/Ford.v.Ferrari.2019-720p.mkv,82
1770324648,12,HDHub4u.Surf,/home/pseudo/Videos/Movies/Ford.v.Ferrari.2019-720p.mkv,82
1770324667,12,HDHub4u.Surf,/home/pseudo/Videos/Movies/Ford.v.Ferrari.2019-720p.mkv,82
1770324685,12,HDHub4u.Surf,/home/pseudo/Videos/Movies/Ford.v.Ferrari.2019-720p.mkv,82
1770324706,12,HDHub4u.Surf,/home/pseudo/Videos/Movies/Ford.v.Ferrari.2019-720p.mkv,82
1770324721,12,HDHub4u.Surf,/home/pseudo/Videos/Movies/Ford.v.Ferrari.2019-720p.mkv,82
1770324755,12,HDHub4u.Surf,/home/pseudo/Videos/Movies/Ford.v.Ferrari.2019-720p.mkv,82
1770324773,12,HDHub4u.Surf,/home/pseudo/Videos/Movies/Ford.v.Ferrari.2019-720p.mkv,82
1770325720,12,HDHub4u.Surf,/home/pseudo/Videos/Movies/Ford.v.Ferrari.2019-720p.mkv,82
1770325750,12,HDHub4u.Surf,/home/pseudo/Videos/Movies/Ford.v.Ferrari.2019-720p.mkv,82
1770325935,12,HDHub4u.Surf,/home/pseudo/Videos/Movies/Ford.v.Ferrari.2019-720p.mkv,82
1770325954,12,HDHub4u.Surf,/home/pseudo/Videos/Movies/Ford.v.Ferrari.2019-720p.mkv,82
1770326055,12,HDHub4u.Surf,/home/pseudo/Videos/Movies/Ford.v.Ferrari.2019-720p.mkv,82
1770326069,12,HDHub4u.Surf,/home/pseudo/Videos/Movies/Ford.v.Ferrari.2019-720p.mkv,82
1770326104,12,HDHub4u.Surf,/home/pseudo/Videos/Movies/Ford.v.Ferrari.2019-720p.mkv,82
1770326200,12,HDHub4u.Surf,/home/pseudo/Videos/Movies/Ford.v.Ferrari.2019-720p.mkv,82
1770326226,12,HDHub4u.Surf,/home/pseudo/Videos/Movies/Ford.v.Ferrari.2019-720p.mkv,82
1770326239,12,HDHub4u.Surf,/home/pseudo/Videos/Movies/Ford.v.Ferrari.2019-720p.mkv,82
1770326310,12,HDHub4u.Surf,/home/pseudo/Videos/Movies/Ford.v.Ferrari.2019-720p.mkv,82
1770326325,40,Charlie and the Chocolate Factory (2005),/home/pseudo/Videos/Movies/MLWBD.com Charlie.and.the.Chocolate.Factory.2005.720p.BluRay.x264.950.mkv,155
1770326339,12,HDHub4u.Surf,/home/pseudo/Videos/Movies/Ford.v.Ferrari.2019-720p.mkv,82
1770326350,12,HDHub4u.Surf,/home/pseudo/Videos/Movies/Ford.v.Ferrari.2019-720p.mkv,82
1770326370,12,HDHub4u.Surf,/home/pseudo/Videos/Movies/Ford.v.Ferrari.2019-720p.mkv,82
1770326427,12,HDHub4u.Surf,/home/pseudo/Videos/Movies/Ford.v.Ferrari.2019-720p.mkv,82
1770326558,12,HDHub4u.Surf,/home/pseudo/Videos/Movies/Ford.v.Ferrari.2019-720p.mkv,82
1770326606,12,HDHub4u.Surf,/home/pseudo/Videos/Movies/Ford.v.Ferrari.2019-720p.mkv,82
1770326707,12,HDHub4u.Surf,/home/pseudo/Videos/Movies/Ford.v.Ferrari.2019-720p.mkv,82
1770326767,34,Kishkindha.Kaandam.2024.Dual.1080p,/home/pseudo/Videos/Movies/Kishkindha.Kaandam.2024.Dual.1080p (1).mkv,118
1770326817,13,[RacasTA.coM],/home/pseudo/Videos/Movies/Man Of Steel (2013).mkv,78
1770327064,34,Kishkindha.Kaandam.2024.Dual.1080p,/home/pseudo/Videos/Movies/Kishkindha.Kaandam.2024.Dual.1080p (1).mkv,118
1770327079,34,Kishkindha.Kaandam.2024.Dual.1080p,/home/pseudo/Videos/Movies/Kishkindha.Kaandam.2024.Dual.1080p (1).mkv,118
1770327198,34,Kishkindha.Kaandam.2024.Dual.1080p,/home/pseudo/Videos/Movies/Kishkindha.Kaandam.2024.Dual.1080p (1).mkv,118
1770327258,13,[RacasTA.coM],/home/pseudo/Videos/Movies/Man Of Steel (2013).mkv,78
1770327259,57,Memento 2000 BluRay - mkvCinemas / Encoded By: mkvCinemas,/home/pseudo/Videos/Movies/Memento.mkv,110
1770327339,34,Kishkindha.Kaandam.2024.Dual.1080p,/home/pseudo/Videos/Movies/Kishkindha.Kaandam.2024.Dual.1080p (1).mkv,118
1770327392,34,Kishkindha.Kaandam.2024.Dual.1080p,/home/pseudo/Videos/Movies/Kishkindha.Kaandam.2024.Dual.1080p (1).mkv,118
1770327494,34,Kishkindha.Kaandam.2024.Dual.1080p,/home/pseudo/Videos/Movies/Kishkindha.Kaandam.2024.Dual.1080p (1).mkv,118
1770327527,34,Kishkindha.Kaandam.2024.Dual.1080p,/home/pseudo/Videos/Movies/Kishkindha.Kaandam.2024.Dual.1080p (1).mkv,118
1770327550,34,Kishkindha.Kaandam.2024.Dual.1080p,/home/pseudo/Videos/Movies/Kishkindha.Kaandam.2024.Dual.1080p (1).mkv,118
1770327706,34,Kishkindha.Kaandam.2024.Dual.1080p,/home/pseudo/Videos/Movies/Kishkindha.Kaandam.2024.Dual.1080p (1).mkv,118
1770327785,34,Kishkindha.Kaandam.2024.Dual.1080p,/home/pseudo/Videos/Movies/Kishkindha.Kaandam.2024.Dual.1080p (1).mkv,118
1770327825,34,Kishkindha.Kaandam.2024.Dual.1080p,/home/pseudo/Videos/Movies/Kishkindha.Kaandam.2024.Dual.1080p (1).mkv,118
1770327899,34,Kishkindha.Kaandam.2024.Dual.1080p,/home/pseudo/Videos/Movies/Kishkindha.Kaandam.2024.Dual.1080p (1).mkv,118
1770328007,57,Memento 2000 BluRay - mkvCinemas / Encoded By: mkvCinemas,/home/pseudo/Videos/Movies/Memento.mkv,110
1770328028,57,Memento 2000 BluRay - mkvCinemas / Encoded By: mkvCinemas,/home/pseudo/Videos/Movies/Memento.mkv,110
1770328046,57,Memento 2000 BluRay - mkvCinemas / Encoded By: mkvCinemas,/home/pseudo/Videos/Movies/Memento.mkv,110
1770328096,57,Memento 2000 BluRay - mkvCinemas / Encoded By: mkvCinemas,/home/pseudo/Videos/Movies/Memento.mkv,110
1770328157,57,Memento 2000 BluRay - mkvCinemas / Encoded By: mkvCinemas,/home/pseudo/Videos/Movies/Memento.mkv,110
1770328413,57,Memento 2000 BluRay - mkvCinemas / Encoded By: mkvCinemas,/home/pseudo/Videos/Movies/Memento.mkv,110
1770330490,,,/home/pseudo/Downloads/Telegram Desktop/Monster (Dual) Episode - 01 1080p.mkv,90
1770330761,,,/home/pseudo/Downloads/Telegram Desktop/Monster (Dual) Episode - 01 1080p.mkv,90
1770330787,,,/home/pseudo/Downloads/Telegram Desktop/Monster (Dual) Episode - 01 1080p.mkv,90
1770330855,,,/home/pseudo/Downloads/Telegram Desktop/Monster (Dual) Episode - 01 1080p.mkv,90
1770331007,,,/home/pseudo/Downloads/Telegram Desktop/Monster (Dual) Episode - 01 1080p.mkv,90
1770331038,,,/home/pseudo/Downloads/Telegram Desktop/Monster (Dual) Episode - 01 1080p.mkv,90
1770331507,,,/home/pseudo/Downloads/Telegram Desktop/Monster (Dual) Episode - 01 360p.mkv,89
1770331650,24,The Thin Red Line (1998),/home/pseudo/Videos/Movies/MLWBD.com The.Thin.Red.Line.1998.720p.BluRay.x264.mkv,119
1770332355,24,The Thin Red Line (1998),/home/pseudo/Videos/Movies/MLWBD.com The.Thin.Red.Line.1998.720p.BluRay.x264.mkv,119
1770357717,24,The Thin Red Line (1998),/home/pseudo/Videos/Movies/MLWBD.com The.Thin.Red.Line.1998.720p.BluRay.x264.mkv,119
1770357717,24,The Thin Red Line (1998),/home/pseudo/Videos/Movies/MLWBD.com The.Thin.Red.Line.1998.720p.BluRay.x264.mkv,119
1770359069,24,The Thin Red Line (1998),/home/pseudo/Videos/Movies/MLWBD.com The.Thin.Red.Line.1998.720p.BluRay.x264.mkv,119
1770390199,,,/home/pseudo/Music/TempleOS-Hymn-Risen.mp3,55
1770391085,,,/home/pseudo/Videos/Downloaded Videos/statistics/Measure of Dispersion one shot｜Statistics｜Business Statistics｜BBA｜BCA｜B.COM｜B.TECH｜Dream Maths [5sakfGibqVw].webm,189
1770395817,12,HDHub4u.Surf,/home/pseudo/Videos/Movies/Ford.v.Ferrari.2019-720p.mkv,82
1770396290,12,HDHub4u.Surf,/home/pseudo/Videos/Movies/Ford.v.Ferrari.2019-720p.mkv,82
1770396327,12,HDHub4u.Surf,/home/pseudo/Videos/Movies/Ford.v.Ferrari.2019-720p.mkv,82
1770396339,,,/home/pseudo/Videos/Downloaded Videos/statistics/Measure of Dispersion one shot｜Statistics｜Business Statistics｜BBA｜BCA｜B.COM｜B.TECH｜Dream Maths [5sakfGibqVw].webm,189
1770398112,,,/home/pseudo/Videos/Downloaded Videos/Why Elite Scandals Never Change Anything - Prof. Jiang Xueqin.mp4,116
1770398733,,,/home/pseudo/Videos/Downloaded Videos/Gamers Are Wrong About Linux.mp4,83
1770398739,,,/home/pseudo/Videos/Downloaded Videos/Gamers Are Wrong About Linux.mp4,83
1770398758,,,/home/pseudo/Videos/Downloaded Videos/Gamers Are Wrong About Linux.mp4,83
1770399163,,,/home/pseudo/Videos/Downloaded Videos/Terry A. Davis - TempleOS Theme.mp4,86
1770399170,,,/home/pseudo/Videos/Downloaded Videos/Terry A. Davis - TempleOS Theme.mp4,86
1770399230,,,/home/pseudo/Videos/Downloaded Videos/Terry A. Davis - TempleOS Theme.mp4,86
1770400027,,,/home/pseudo/Videos/Downloaded Videos/ＴＥＲＲＹ　ＤＡＶＩＳ　ＮＩＧＨＴＷＡＬＫ.mp4,118
1770412683,,,/home/pseudo/Videos/Downloaded Videos/Where Winds Meet Shouldn’t Be This Good….mp4,99
1770566550,,,/home/pseudo/Music/TempleOS-Hymn-Risen.mp3,55
1770567353,28,Dragon (2025) Dual ORG 1080p,/home/pseudo/Videos/Movies/Dragon (2025) Dual ORG 1080p.mkv,102
1770567490,24,The Thin Red Line (1998),/home/pseudo/Videos/Movies/MLWBD.com The.Thin.Red.Line.1998.720p.BluRay.x264.mkv,119
1770568059,27,Pahe.in - La La Land (2016),/home/pseudo/Videos/Movies/MLWBD.com La.La.Land.2016.BluRay.720p .mkv,111
1770568064,57,Memento 2000 BluRay - mkvCinemas / Encoded By: mkvCinemas,/home/pseudo/Videos/Movies/Memento.mkv,110
1770568127,28,Dragon (2025) Dual ORG 1080p,/home/pseudo/Videos/Movies/Dragon (2025) Dual ORG 1080p.mkv,102
1770568866,34,Kishkindha.Kaandam.2024.Dual.1080p,/home/pseudo/Videos/Movies/Kishkindha.Kaandam.2024.Dual.1080p (1).mkv,118
1770568980,28,Dragon (2025) Dual ORG 1080p,/home/pseudo/Videos/Movies/Dragon (2025) Dual ORG 1080p.mkv,102
1770569313,24,The Thin Red Line (1998),/home/pseudo/Videos/Movies/MLWBD.com The.Thin.Red.Line.1998.720p.BluRay.x264.mkv,119
1770569325,28,Dragon (2025) Dual ORG 1080p,/home/pseudo/Videos/Movies/Dragon (2025) Dual ORG 1080p.mkv,102
1770569391,24,The Thin Red Line (1998),/home/pseudo/Videos/Movies/MLWBD.com The.Thin.Red.Line.1998.720p.BluRay.x264.mkv,119
1770569410,24,The Thin Red Line (1998),/home/pseudo/Videos/Movies/MLWBD.com The.Thin.Red.Line.1998.720p.BluRay.x264.mkv,119
1770569419,13,[RacasTA.coM],/home/pseudo/Videos/Movies/Man Of Steel (2013).mkv,78
1770569432,57,Memento 2000 BluRay - mkvCinemas / Encoded By: mkvCinemas,/home/pseudo/Videos/Movies/Memento.mkv,110
1770569651,57,Memento 2000 BluRay - mkvCinemas / Encoded By: mkvCinemas,/home/pseudo/Videos/Movies/Memento.mkv,110
1770804920,12,HDHub4u.Surf,/home/pseudo/Videos/Movies/Ford.v.Ferrari.2019-720p.mkv,82
1770805263,34,Kishkindha.Kaandam.2024.Dual.1080p,/home/pseudo/Videos/Movies/Kishkindha.Kaandam.2024.Dual.1080p (1).mkv,118
1770805266,13,[RacasTA.coM],/home/pseudo/Videos/Movies/Man Of Steel (2013).mkv,78
1770805268,34,Kishkindha.Kaandam.2024.Dual.1080p,/home/pseudo/Videos/Movies/Kishkindha.Kaandam.2024.Dual.1080p (1).mkv,118
1770805272,13,[RacasTA.coM],/home/pseudo/Videos/Movies/Man Of Steel (2013).mkv,78
1770805275,57,Memento 2000 BluRay - mkvCinemas / Encoded By: mkvCinemas,/home/pseudo/Videos/Movies/Memento.mkv,110
1770812921,12,HDHub4u.Surf,/home/pseudo/Videos/Movies/Ford.v.Ferrari.2019-720p.mkv,82
1770813012,25,MLWBD.com Soul.2020.1080p,/home/pseudo/Videos/Movies/MLWBD.com Soul.2020.1080p.mkv,96
1770819205,12,HDHub4u.Surf,/home/pseudo/Videos/Movies/Ford.v.Ferrari.2019-720p.mkv,82
1770819429,24,The Thin Red Line (1998),/home/pseudo/Videos/Movies/MLWBD.com The.Thin.Red.Line.1998.720p.BluRay.x264.mkv,119
1770821188,24,The Thin Red Line (1998),/home/pseudo/Videos/Movies/MLWBD.com The.Thin.Red.Line.1998.720p.BluRay.x264.mkv,119
1770821333,24,The Thin Red Line (1998),/home/pseudo/Videos/Movies/MLWBD.com The.Thin.Red.Line.1998.720p.BluRay.x264.mkv,119
1770821652,25,MLWBD.com Soul.2020.1080p,/home/pseudo/Videos/Movies/MLWBD.com Soul.2020.1080p.mkv,96
1770822023,24,The Thin Red Line (1998),/home/pseudo/Videos/Movies/MLWBD.com The.Thin.Red.Line.1998.720p.BluRay.x264.mkv,119
1770822103,24,The Thin Red Line (1998),/home/pseudo/Videos/Movies/MLWBD.com The.Thin.Red.Line.1998.720p.BluRay.x264.mkv,119
1770822409,12,HDHub4u.Surf,/home/pseudo/Videos/Movies/Ford.v.Ferrari.2019-720p.mkv,82
1770879265,24,The Thin Red Line (1998),/home/pseudo/Videos/Movies/MLWBD.com The.Thin.Red.Line.1998.720p.BluRay.x264.mkv,119
1770901359,24,The Thin Red Line (1998),/home/pseudo/Videos/Movies/MLWBD.com The.Thin.Red.Line.1998.720p.BluRay.x264.mkv,119
1770954023,24,The Thin Red Line (1998),/home/pseudo/Videos/Movies/MLWBD.com The.Thin.Red.Line.1998.720p.BluRay.x264.mkv,119
1770975493,,,/home/pseudo/Videos/Downloaded Videos/How Female Power Caused The Decline Of The West.mp4,102
1770975515,,,/home/pseudo/Videos/Downloaded Videos/ＴＥＲＲＹ　ＤＡＶＩＳ　ＮＩＧＨＴＷＡＬＫ.mp4,118
1770975602,,,/home/pseudo/Videos/Downloaded Videos/Terry A. Davis - TempleOS Theme.mp4,86
1771048527,,,/home/pseudo/Videos/Downloaded Videos/Gamers Are Wrong About Linux.mp4,83
1771048609,,,/home/pseudo/Videos/Downloaded Videos/How Female Power Caused The Decline Of The West.mp4,102
1771050360,,,/home/pseudo/Videos/Downloaded Videos/RETRO ALERT! ｜ Casio F91W Unboxing & First Impressions.mp4,111
1771050504,,,/home/pseudo/Videos/Downloaded Videos/Stop Using Browsers! Watch Anime Like a Pro in Terminal 🛑🌐.mp4,119
1771050542,,,/home/pseudo/Videos/Downloaded Videos/Terry A. Davis - TempleOS Theme.mp4,86
1771050556,,,/home/pseudo/Videos/Downloaded Videos/Where Winds Meet Shouldn’t Be This Good….mp4,99
1771050568,,,/home/pseudo/Videos/Downloaded Videos/Why Elite Scandals Never Change Anything - Prof. Jiang Xueqin.mp4,116
1771050570,,,/home/pseudo/Videos/Downloaded Videos/ＴＥＲＲＹ　ＤＡＶＩＳ　ＮＩＧＨＴＷＡＬＫ.mp4,118
1771050574,,,/home/pseudo/Videos/Downloaded Videos/Why Elite Scandals Never Change Anything - Prof. Jiang Xueqin.mp4,116
1771050598,,,/home/pseudo/Videos/Downloaded Videos/ＴＥＲＲＹ　ＤＡＶＩＳ　ＮＩＧＨＴＷＡＬＫ.mp4,118
1771050606,,,/home/pseudo/Videos/Downloaded Videos/Terry A. Davis - TempleOS Theme.mp4,86
1771050616,,,/home/pseudo/Videos/Downloaded Videos/#CASIO W-217H Silver Edition (Module 3454) - It's way better than a F91W and heres why!.mp4,142
1771262308,24,The Thin Red Line (1998),/home/pseudo/Videos/Movies/MLWBD.com The.Thin.Red.Line.1998.720p.BluRay.x264.mkv,119
1771262330,27,Pahe.in - La La Land (2016),/home/pseudo/Videos/Movies/MLWBD.com La.La.Land.2016.BluRay.720p .mkv,111
1771318009,,,/home/pseudo/.config/omarchy/backgrounds/gruvbox/0.jpg,67
1771325459,,,/home/pseudo/.config/omarchy/themes/catppuccin/backgrounds/0-The Firefly Lane.jpg,94
1771325826,,,/home/pseudo/Videos/screenrecording-2026-02-17_16-56-28.mp4,72
1771326481,,,/home/pseudo/Videos/screenrecording-2026-02-17_16-56-28.mp4,72
1771326520,,,/home/pseudo/Videos/screenrecording-2026-02-17_17-05-27.mp4,72
1771394982,,,/home/pseudo/Videos/Downloaded Videos/#CASIO W-217H Silver Edition (Module 3454) - It's way better than a F91W and heres why!.mp4,142
1771499463,,,/home/pseudo/Videos/Downloaded Videos/statistics/Measure of Dispersion one shot｜Statistics｜Business Statistics｜BBA｜BCA｜B.COM｜B.TECH｜Dream Maths [5sakfGibqVw].webm,189
1771507261,,,/home/pseudo/Videos/screenrecords/screenrecording-2025-12-29_17-12-23.mp4,86
1771507589,,,/home/pseudo/Videos/Recordings/omarchy record.mp4,62
1771507613,,,/home/pseudo/Videos/screenrecording-2026-02-19_19-25-55.mp4,72
1771508107,,,/home/pseudo/Videos/Screenrecordings/screenrecording-2026-02-19_19-34-41.mp4,89
1771508599,24,The Thin Red Line (1998),/home/pseudo/Videos/Movies/MLWBD.com The.Thin.Red.Line.1998.720p.BluRay.x264.mkv,119
1771508730,24,The Thin Red Line (1998),/home/pseudo/Videos/Movies/MLWBD.com The.Thin.Red.Line.1998.720p.BluRay.x264.mkv,119
1771508746,28,Dragon (2025) Dual ORG 1080p,/home/pseudo/Videos/Movies/Dragon (2025) Dual ORG 1080p.mkv,102
1771509614,,,/home/pseudo/Videos/Screenrecordings/2025-12-12 00-44-10.mp4,73
1771509634,,,/home/pseudo/Videos/Screenrecordings/screenrecording-2026-02-19_19-59-19.mp4,89
1771509737,,,/home/pseudo/Videos/Screenrecordings/screenrecording-2026-02-19_20-01-41.mp4,89
1771510053,,,/home/pseudo/Videos/Downloaded Videos/statistics/Measure of Dispersion one shot｜Statistics｜Business Statistics｜BBA｜BCA｜B.COM｜B.TECH｜Dream Maths [5sakfGibqVw].webm,189
1771511107,,,/home/pseudo/Videos/Downloaded Videos/statistics/Measure of Dispersion one shot｜Statistics｜Business Statistics｜BBA｜BCA｜B.COM｜B.TECH｜Dream Maths [5sakfGibqVw].webm,189
1771516834,,,/home/pseudo/Videos/Screenrecordings/2025-12-12 00-44-10.mp4,73
1771516846,,,/home/pseudo/Videos/Screenrecordings/screenrecording-2026-02-19_22-00-09.mp4,89
1771516855,,,/home/pseudo/Videos/Screenrecordings/screenrecording-2026-02-19_22-00-09.mp4,89
1771517636,,,/home/pseudo/Videos/Downloaded Videos/You Can’t Live Like This Forever..mp4,90
1771585305,,,/home/pseudo/Videos/Downloaded Videos/statistics/Measure of Dispersion one shot｜Statistics｜Business Statistics｜BBA｜BCA｜B.COM｜B.TECH｜Dream Maths [5sakfGibqVw].webm,189
1771586442,,,/home/pseudo/Videos/Downloaded Videos/You Can’t Live Like This Forever..mp4,90
1771591472,,,/home/pseudo/Videos/Downloaded Videos/statistics/Measure of Dispersion one shot｜Statistics｜Business Statistics｜BBA｜BCA｜B.COM｜B.TECH｜Dream Maths [5sakfGibqVw].webm,189
1771592130,,,/home/pseudo/Videos/Downloaded Videos/statistics/Measure of Dispersion one shot｜Statistics｜Business Statistics｜BBA｜BCA｜B.COM｜B.TECH｜Dream Maths [5sakfGibqVw].webm,189
1771600582,,,/home/pseudo/Videos/Downloaded Videos/My mother named me Haider ｜ Poem of Ali ibn abi Talib (Without Music).mp4,126
1771600653,,,/home/pseudo/Videos/Downloaded Videos/How Female Power Caused The Decline Of The West.mp4,102
1771600668,,,/home/pseudo/Videos/Downloaded Videos/My mother named me Haider ｜ Poem of Ali ibn abi Talib (Without Music).mp4,126
1771600744,,,/home/pseudo/Videos/Screenrecordings/screenrecording-2026-02-19_20-01-41.mp4,89
1771600754,,,/home/pseudo/Videos/Screenrecordings/screenrecording-2026-02-19_19-59-19.mp4,89
1771600823,,,/home/pseudo/Videos/Screenrecordings/screenrecording-2026-02-20_21-19-31.mp4,89
1771601158,57,Memento 2000 BluRay - mkvCinemas / Encoded By: mkvCinemas,/home/pseudo/Videos/Movies/Memento.mkv,110
1771601301,,,/home/pseudo/Videos/Screenrecordings/screenrecording-2026-02-20_21-22-13.mp4,89
1771602223,,,/home/pseudo/Videos/Screenrecordings/screenrecording-2026-02-20_21-22-13.mp4,89
1771603743,,,/home/pseudo/Videos/Downloaded Videos/statistics/Measure of Dispersion one shot｜Statistics｜Business Statistics｜BBA｜BCA｜B.COM｜B.TECH｜Dream Maths [5sakfGibqVw].webm,189
1771668049,,,/home/pseudo/Videos/Downloaded Videos/statistics/Measure of Dispersion one shot｜Statistics｜Business Statistics｜BBA｜BCA｜B.COM｜B.TECH｜Dream Maths [5sakfGibqVw].webm,189
1771746951,,,/home/pseudo/Videos/Downloaded Videos/statistics/Measure of Dispersion one shot｜Statistics｜Business Statistics｜BBA｜BCA｜B.COM｜B.TECH｜Dream Maths [5sakfGibqVw].webm,189
1771749751,24,The Thin Red Line (1998),/home/pseudo/Videos/Movies/MLWBD.com The.Thin.Red.Line.1998.720p.BluRay.x264.mkv,119
1771777141,,,av://v4l2:/dev/video2,34
1771777181,,,av://v4l2:/dev/video2,34
1771778106,,,av://v4l2:/dev/video2,34
1771794956,,,av://v4l2:/dev/video2,34
1771795543,,,av://v4l2:/dev/video2,34
1771853309,,,/home/pseudo/Videos/Downloaded Videos/statistics/Measure of Dispersion one shot｜Statistics｜Business Statistics｜BBA｜BCA｜B.COM｜B.TECH｜Dream Maths [5sakfGibqVw].webm,189
1771936813,28,Dragon (2025) Dual ORG 1080p,/home/pseudo/Videos/Movies/Dragon (2025) Dual ORG 1080p.mkv,102
